2024-05-15 08:14:21,929 CRIT Supervisor is running as root.  Privileges were not dropped because no user is specified in the config file.  If you intend to run as root, you can set user=root in the config file to avoid this message.
2024-05-15 08:14:21,932 INFO supervisord started with pid 1
2024-05-15 08:14:22,935 INFO spawned: 'cron' with pid 7
2024-05-15 08:14:22,938 INFO spawned: 'php-fpm' with pid 8
2024-05-15 08:14:23,998 INFO success: cron entered RUNNING state, process has stayed up for > than 1 seconds (startsecs)
2024-05-15 08:14:23,998 INFO success: php-fpm entered RUNNING state, process has stayed up for > than 1 seconds (startsecs)
2024-05-15 08:49:33,080 WARN received SIGQUIT indicating exit request
2024-05-15 08:49:33,081 INFO waiting for cron, php-fpm to die
2024-05-15 08:49:33,087 INFO stopped: php-fpm (exit status 0)
2024-05-15 08:49:33,087 WARN stopped: cron (terminated by SIGTERM)
2024-05-15 08:56:08,657 CRIT Supervisor is running as root.  Privileges were not dropped because no user is specified in the config file.  If you intend to run as root, you can set user=root in the config file to avoid this message.
2024-05-15 08:56:08,661 INFO supervisord started with pid 1
2024-05-15 08:56:09,664 INFO spawned: 'cron' with pid 8
2024-05-15 08:56:09,668 INFO spawned: 'php-fpm' with pid 9
2024-05-15 08:56:10,718 INFO success: cron entered RUNNING state, process has stayed up for > than 1 seconds (startsecs)
2024-05-15 08:56:10,718 INFO success: php-fpm entered RUNNING state, process has stayed up for > than 1 seconds (startsecs)
2024-05-15 08:58:55,866 WARN received SIGQUIT indicating exit request
2024-05-15 08:58:55,871 INFO waiting for cron, php-fpm to die
2024-05-15 08:58:55,873 INFO stopped: php-fpm (exit status 0)
2024-05-15 08:58:55,874 WARN stopped: cron (terminated by SIGTERM)
2024-05-15 08:59:10,886 CRIT Supervisor is running as root.  Privileges were not dropped because no user is specified in the config file.  If you intend to run as root, you can set user=root in the config file to avoid this message.
2024-05-15 08:59:10,889 INFO supervisord started with pid 1
2024-05-15 08:59:11,893 INFO spawned: 'cron' with pid 7
2024-05-15 08:59:11,897 INFO spawned: 'php-fpm' with pid 8
2024-05-15 08:59:12,949 INFO success: cron entered RUNNING state, process has stayed up for > than 1 seconds (startsecs)
2024-05-15 08:59:12,950 INFO success: php-fpm entered RUNNING state, process has stayed up for > than 1 seconds (startsecs)
2024-05-15 09:00:36,035 WARN received SIGQUIT indicating exit request
2024-05-15 09:00:36,042 INFO waiting for cron, php-fpm to die
2024-05-15 09:00:36,043 INFO stopped: php-fpm (exit status 0)
2024-05-15 09:00:36,044 WARN stopped: cron (terminated by SIGTERM)
2024-05-15 09:00:50,608 CRIT Supervisor is running as root.  Privileges were not dropped because no user is specified in the config file.  If you intend to run as root, you can set user=root in the config file to avoid this message.
2024-05-15 09:00:50,611 INFO supervisord started with pid 1
2024-05-15 09:00:51,614 INFO spawned: 'cron' with pid 6
2024-05-15 09:00:51,617 INFO spawned: 'php-fpm' with pid 7
2024-05-15 09:00:52,693 INFO success: cron entered RUNNING state, process has stayed up for > than 1 seconds (startsecs)
2024-05-15 09:00:52,694 INFO success: php-fpm entered RUNNING state, process has stayed up for > than 1 seconds (startsecs)
2024-05-15 09:03:44,861 WARN received SIGQUIT indicating exit request
2024-05-15 09:03:44,862 INFO waiting for cron, php-fpm to die
2024-05-15 09:03:44,871 INFO stopped: php-fpm (exit status 0)
2024-05-15 09:03:44,872 WARN stopped: cron (terminated by SIGTERM)
2024-05-15 09:03:58,599 CRIT Supervisor is running as root.  Privileges were not dropped because no user is specified in the config file.  If you intend to run as root, you can set user=root in the config file to avoid this message.
2024-05-15 09:03:58,601 INFO supervisord started with pid 1
2024-05-15 09:03:59,604 INFO spawned: 'cron' with pid 7
2024-05-15 09:03:59,607 INFO spawned: 'php-fpm' with pid 8
2024-05-15 09:04:00,656 INFO success: cron entered RUNNING state, process has stayed up for > than 1 seconds (startsecs)
2024-05-15 09:04:00,656 INFO success: php-fpm entered RUNNING state, process has stayed up for > than 1 seconds (startsecs)
2024-05-15 09:29:45,233 WARN received SIGQUIT indicating exit request
2024-05-15 09:29:45,233 INFO waiting for cron, php-fpm to die
2024-05-15 09:29:45,240 INFO stopped: php-fpm (exit status 0)
2024-05-15 09:29:45,241 WARN stopped: cron (terminated by SIGTERM)
2024-05-15 09:35:23,016 CRIT Supervisor is running as root.  Privileges were not dropped because no user is specified in the config file.  If you intend to run as root, you can set user=root in the config file to avoid this message.
2024-05-15 09:35:23,020 INFO supervisord started with pid 1
2024-05-15 09:35:24,023 INFO spawned: 'cron' with pid 6
2024-05-15 09:35:24,026 INFO spawned: 'php-fpm' with pid 7
2024-05-15 09:35:25,078 INFO success: cron entered RUNNING state, process has stayed up for > than 1 seconds (startsecs)
2024-05-15 09:35:25,079 INFO success: php-fpm entered RUNNING state, process has stayed up for > than 1 seconds (startsecs)
2024-05-15 09:38:15,242 WARN received SIGQUIT indicating exit request
2024-05-15 09:38:15,242 INFO waiting for cron, php-fpm to die
2024-05-15 09:38:15,248 INFO stopped: php-fpm (exit status 0)
2024-05-15 09:38:15,249 WARN stopped: cron (terminated by SIGTERM)
2024-05-15 09:38:28,413 CRIT Supervisor is running as root.  Privileges were not dropped because no user is specified in the config file.  If you intend to run as root, you can set user=root in the config file to avoid this message.
2024-05-15 09:38:28,416 INFO supervisord started with pid 1
2024-05-15 09:38:29,418 INFO spawned: 'cron' with pid 7
2024-05-15 09:38:29,421 INFO spawned: 'php-fpm' with pid 8
2024-05-15 09:38:30,476 INFO success: cron entered RUNNING state, process has stayed up for > than 1 seconds (startsecs)
2024-05-15 09:38:30,476 INFO success: php-fpm entered RUNNING state, process has stayed up for > than 1 seconds (startsecs)
